<?xml version="1.0" encoding="UTF-8"?>
<!-- Generated by org.testng.reporters.JUnitXMLReporter -->
<testsuite ignored="13" hostname="Cloud" failures="1" tests="1" name="Default test" time="24.485" errors="0" timestamp="2025-12-31T14:52:54 ICT">
  <testcase classname="TestSuite.RTC_login" name="TC_Login_password_Space_after" time="21.304">
    <failure type="java.lang.AssertionError" message="LỖI: Thông báo thành công không hiển thị!URL hiện tại: https://stg.u2w.io/vi/login?step=verify expected [true] but found [false]">
      <![CDATA[java.lang.AssertionError: LỖI: Thông báo thành công không hiển thị!URL hiện tại: https://stg.u2w.io/vi/login?step=verify expected [true] but found [false]
at org.testng.Assert.fail(Assert.java:99)
at org.testng.Assert.failNotEquals(Assert.java:1037)
at org.testng.Assert.assertTrue(Assert.java:45)
at TestSuite.RTC_login.TC_Login_password_Space_after(RTC_login.java:162)
at java.base/jdk.internal.reflect.NativeMethodAccessorImpl.invoke0(Native Method)
at java.base/jdk.internal.reflect.NativeMethodAccessorImpl.invoke(NativeMethodAccessorImpl.java:62)
at java.base/jdk.internal.reflect.DelegatingMethodAccessorImpl.invoke(DelegatingMethodAccessorImpl.java:43)
at java.base/java.lang.reflect.Method.invoke(Method.java:566)
at org.testng.internal.MethodInvocationHelper.invokeMethod(MethodInvocationHelper.java:133)
at org.testng.internal.TestInvoker.invokeMethod(TestInvoker.java:598)
at org.testng.internal.TestInvoker.invokeTestMethod(TestInvoker.java:173)
at org.testng.internal.MethodRunner.runInSequence(MethodRunner.java:46)
at org.testng.internal.TestInvoker$MethodInvocationAgent.invoke(TestInvoker.java:824)
at org.testng.internal.TestInvoker.invokeTestMethods(TestInvoker.java:146)
at org.testng.internal.TestMethodWorker.invokeTestMethods(TestMethodWorker.java:146)
at org.testng.internal.TestMethodWorker.run(TestMethodWorker.java:128)
at java.base/java.util.ArrayList.forEach(ArrayList.java:1541)
at org.testng.TestRunner.privateRun(TestRunner.java:794)
at org.testng.TestRunner.run(TestRunner.java:596)
at org.testng.SuiteRunner.runTest(SuiteRunner.java:377)
at org.testng.SuiteRunner.runSequentially(SuiteRunner.java:371)
at org.testng.SuiteRunner.privateRun(SuiteRunner.java:332)
at org.testng.SuiteRunner.run(SuiteRunner.java:276)
at org.testng.SuiteRunnerWorker.runSuite(SuiteRunnerWorker.java:53)
at org.testng.SuiteRunnerWorker.run(SuiteRunnerWorker.java:96)
at org.testng.TestNG.runSuitesSequentially(TestNG.java:1212)
at org.testng.TestNG.runSuitesLocally(TestNG.java:1134)
at org.testng.TestNG.runSuites(TestNG.java:1063)
at org.testng.TestNG.run(TestNG.java:1031)
at org.testng.remote.AbstractRemoteTestNG.run(AbstractRemoteTestNG.java:115)
at org.testng.remote.RemoteTestNG.initAndRun(RemoteTestNG.java:293)
at org.testng.remote.RemoteTestNG.main(RemoteTestNG.java:91)
]]>
    </failure>
  </testcase> <!-- TC_Login_password_Space_after -->
  <testcase classname="TestSuite.RTC_login" name="TC_Login_email_SS_space_before" time="0.0">
    <ignored/>
  </testcase> <!-- TC_Login_email_SS_space_before -->
  <testcase classname="TestSuite.RTC_login" name="TC_Login_password_Space_between" time="0.0">
    <ignored/>
  </testcase> <!-- TC_Login_password_Space_between -->
  <testcase classname="TestSuite.RTC_login" name="TC_Login_email_USS_account_invalid_email_miss_acong" time="0.0">
    <ignored/>
  </testcase> <!-- TC_Login_email_USS_account_invalid_email_miss_acong -->
  <testcase classname="TestSuite.RTC_login" name="TC_Login_email_SS" time="0.0">
    <ignored/>
  </testcase> <!-- TC_Login_email_SS -->
  <testcase classname="TestSuite.RTC_login" name="TC_Login_email_USS_account_invalid_passsword" time="0.0">
    <ignored/>
  </testcase> <!-- TC_Login_email_USS_account_invalid_passsword -->
  <testcase classname="TestSuite.RTC_login" name="TC_Login_email_SS_space_after" time="0.0">
    <ignored/>
  </testcase> <!-- TC_Login_email_SS_space_after -->
  <testcase classname="TestSuite.RTC_login" name="TC_Login_password_Space_before" time="0.0">
    <ignored/>
  </testcase> <!-- TC_Login_password_Space_before -->
  <testcase classname="TestSuite.RTC_login" name="TC_Login_email_USS_account_invalid_email_space_betwwen" time="0.0">
    <ignored/>
  </testcase> <!-- TC_Login_email_USS_account_invalid_email_space_betwwen -->
  <testcase classname="TestSuite.RTC_login" name="TC_Login_email_USS_account_invalid_email_miss_thieu_com" time="0.0">
    <ignored/>
  </testcase> <!-- TC_Login_email_USS_account_invalid_email_miss_thieu_com -->
  <testcase classname="TestSuite.RTC_login" name="TC_Login_email_USS_account_invalid_email_miss_thieu_giua" time="0.0">
    <ignored/>
  </testcase> <!-- TC_Login_email_USS_account_invalid_email_miss_thieu_giua -->
  <testcase classname="TestSuite.RTC_login" name="TC_Login_email_USS_account_invalid_email_miss_domain" time="0.0">
    <ignored/>
  </testcase> <!-- TC_Login_email_USS_account_invalid_email_miss_domain -->
  <testcase classname="TestSuite.RTC_login" name="TC_Login_email_USS_blank_password" time="0.0">
    <ignored/>
  </testcase> <!-- TC_Login_email_USS_blank_password -->
  <testcase classname="TestSuite.RTC_login" name="TC_Login_email_USS_blank_Email" time="0.0">
    <ignored/>
  </testcase> <!-- TC_Login_email_USS_blank_Email -->
</testsuite> <!-- Default test -->
