<?xml version="1.0" encoding="UTF-8"?>
<testng-results ignored="0" total="1" passed="1" failed="0" skipped="0">
  <reporter-output>
  </reporter-output>
  <suite started-at="2026-01-05T16:33:15 ICT" name="Default suite" finished-at="2026-01-05T16:33:25 ICT" duration-ms="10247">
    <groups>
    </groups>
    <test started-at="2026-01-05T16:33:15 ICT" name="Default test" finished-at="2026-01-05T16:33:25 ICT" duration-ms="10247">
      <class name="TestSuite.Login_single">
        <test-method is-config="true" signature="openChromeDriver()[pri:0, instance:TestSuite.Login_single@3ee37e5a]" started-at="2026-01-05T16:33:15 ICT" name="openChromeDriver" finished-at="2026-01-05T16:33:17 ICT" duration-ms="2353" status="PASS">
          <reporter-output>
          </reporter-output>
        </test-method> <!-- openChromeDriver -->
        <test-method signature="Transfer_SS()[pri:1, instance:TestSuite.Login_single@3ee37e5a]" started-at="2026-01-05T16:33:17 ICT" name="Transfer_SS" finished-at="2026-01-05T16:33:25 ICT" duration-ms="7648" status="PASS">
          <reporter-output>
          </reporter-output>
        </test-method> <!-- Transfer_SS -->
        <test-method is-config="true" signature="tearDown()[pri:0, instance:TestSuite.Login_single@3ee37e5a]" started-at="2026-01-05T16:33:25 ICT" name="tearDown" finished-at="2026-01-05T16:33:25 ICT" duration-ms="219" status="PASS">
          <reporter-output>
          </reporter-output>
        </test-method> <!-- tearDown -->
      </class> <!-- TestSuite.Login_single -->
    </test> <!-- Default test -->
  </suite> <!-- Default suite -->
</testng-results>
