<?xml version="1.0" encoding="UTF-8"?>
<!-- Generated by org.testng.reporters.JUnitReportReporter -->
<testsuite hostname="Cloud" failures="0" tests="2" name="TestSuite.Login_single" time="17.394" errors="0" timestamp="2026-01-09T11:47:51 ICT" skipped="0">
  <testcase classname="TestSuite.Login_single" name="TS_FFundingToTrading" time="9.096"/>
  <system-out/>
  <testcase classname="TestSuite.Login_single" name="TS_FFundingToTradingIFELSE" time="8.298"/>
  <system-out/>
</testsuite> <!-- TestSuite.Login_single -->
